{"level":"info","message":"Connecting to database_development","timestamp":"2016-12-14T06:07:57.072Z"}
{"level":"info","message":"Registering routes","timestamp":"2016-12-14T06:07:58.646Z"}
{"level":"info","message":"Failed to set app configuration: config.get is not a function","timestamp":"2016-12-14T06:07:58.650Z"}
{"level":"info","message":"Set application configuration","timestamp":"2016-12-14T06:07:58.650Z"}
{"level":"info","message":"Connecting to database_development","timestamp":"2016-12-14T06:08:52.252Z"}
{"level":"info","message":"Connecting to database_development","timestamp":"2016-12-14T06:09:06.952Z"}
{"level":"info","message":"Registering routes","timestamp":"2016-12-14T06:09:08.496Z"}
{"level":"info","message":"Failed to set app configuration: config.get is not a function","timestamp":"2016-12-14T06:09:08.499Z"}
{"level":"info","message":"Set application configuration","timestamp":"2016-12-14T06:09:08.499Z"}
{"level":"info","message":"Connecting to database_development","timestamp":"2016-12-14T06:10:10.642Z"}
{"level":"info","message":"Registering routes","timestamp":"2016-12-14T06:10:12.156Z"}
{"level":"info","message":"Failed to set app configuration: config.get is not a function","timestamp":"2016-12-14T06:10:12.159Z"}
{"level":"info","message":"Set application configuration","timestamp":"2016-12-14T06:10:12.160Z"}
{"level":"info","message":"Connecting to database_development","timestamp":"2016-12-14T06:14:59.393Z"}
{"level":"info","message":"Registering routes","timestamp":"2016-12-14T06:15:01.505Z"}
{"level":"info","message":"Failed to set app configuration: config.get is not a function","timestamp":"2016-12-14T06:15:01.523Z"}
{"level":"info","message":"Set application configuration","timestamp":"2016-12-14T06:15:01.525Z"}
{"level":"info","message":"Connecting to database_development","timestamp":"2016-12-14T06:15:53.002Z"}
{"level":"info","message":"Registering routes","timestamp":"2016-12-14T06:15:54.958Z"}
{"level":"info","message":"Set application configuration","timestamp":"2016-12-14T06:15:54.964Z"}
{"level":"info","message":"Connecting to database_development","timestamp":"2016-12-14T06:16:27.388Z"}
{"level":"info","message":"Registering routes","timestamp":"2016-12-14T06:16:29.414Z"}
{"level":"info","message":"Set application configuration","timestamp":"2016-12-14T06:16:29.417Z"}
{"level":"info","message":"Connecting to database_development","timestamp":"2016-12-14T06:16:51.011Z"}
{"level":"info","message":"Registering routes","timestamp":"2016-12-14T06:16:53.144Z"}
{"level":"info","message":"Set application configuration","timestamp":"2016-12-14T06:16:53.151Z"}
{"level":"info","message":"Connecting to database_development","timestamp":"2016-12-14T06:17:46.328Z"}
{"level":"info","message":"Succeefully connected to database_development","timestamp":"2016-12-14T06:17:48.268Z"}
{"level":"info","message":"Registering routes","timestamp":"2016-12-14T06:17:48.340Z"}
{"level":"info","message":"Set application configuration","timestamp":"2016-12-14T06:17:48.346Z"}
{"level":"info","message":"Connecting to database_development","timestamp":"2016-12-14T06:18:06.264Z"}
{"level":"info","message":"Succeefully connected to database_development","timestamp":"2016-12-14T06:18:08.987Z"}
{"level":"info","message":"Registering routes","timestamp":"2016-12-14T06:18:09.011Z"}
{"level":"info","message":"Set application configuration","timestamp":"2016-12-14T06:18:09.014Z"}
{"level":"info","message":"Connecting to database_development","timestamp":"2016-12-14T06:18:26.406Z"}
{"level":"info","message":"Connecting to database_development","timestamp":"2016-12-14T06:19:05.441Z"}
{"level":"info","message":"Succeefully connected to database_development","timestamp":"2016-12-14T06:19:07.528Z"}
{"level":"info","message":"Registering routes","timestamp":"2016-12-14T06:19:07.585Z"}
{"level":"info","message":"Set application configuration","timestamp":"2016-12-14T06:19:07.590Z"}
{"level":"info","message":"Connecting to database_development","timestamp":"2016-12-14T06:19:25.094Z"}
{"level":"info","message":"Succeefully connected to database_development","timestamp":"2016-12-14T06:19:26.984Z"}
{"level":"info","message":"Registering routes","timestamp":"2016-12-14T06:19:27.051Z"}
{"level":"info","message":"Set application configuration","timestamp":"2016-12-14T06:19:27.057Z"}
{"level":"info","message":"Connecting to database_development","timestamp":"2016-12-14T06:20:43.807Z"}
{"level":"info","message":"Connecting to database_development","timestamp":"2016-12-14T06:22:25.891Z"}
{"level":"info","message":"Connecting to database_development","timestamp":"2016-12-14T06:23:34.403Z"}
{"level":"info","message":"Succeefully connected to database_development","timestamp":"2016-12-14T06:23:36.332Z"}
{"level":"info","message":"Registering routes","timestamp":"2016-12-14T06:23:36.398Z"}
{"level":"info","message":"Set application configuration","timestamp":"2016-12-14T06:23:36.404Z"}
{"level":"info","message":"Connecting to database_development","timestamp":"2016-12-14T06:30:33.007Z"}
{"level":"info","message":"Succeefully connected to database_development","timestamp":"2016-12-14T06:30:35.039Z"}
{"level":"info","message":"Registering routes","timestamp":"2016-12-14T06:30:35.098Z"}
{"level":"info","message":"Set application configuration","timestamp":"2016-12-14T06:30:35.104Z"}
{"level":"info","message":"Connecting to database_development","timestamp":"2016-12-14T06:32:07.319Z"}
{"level":"info","message":"Succeefully connected to database_development","timestamp":"2016-12-14T06:32:09.062Z"}
{"level":"info","message":"Registering routes","timestamp":"2016-12-14T06:32:09.112Z"}
{"level":"info","message":"Set application configuration","timestamp":"2016-12-14T06:32:09.120Z"}
{"level":"info","message":"Connecting to database_development","timestamp":"2016-12-14T06:34:28.428Z"}
{"level":"info","message":"Succeefully connected to database_development","timestamp":"2016-12-14T06:34:37.444Z"}
{"level":"info","message":"Registering routes","timestamp":"2016-12-14T06:34:37.518Z"}
{"level":"info","message":"Set application configuration","timestamp":"2016-12-14T06:34:37.522Z"}
{"level":"error","message":"path is not defined","timestamp":"2016-12-14T06:34:39.870Z"}
{"level":"info","message":"Connecting to database_development","timestamp":"2016-12-14T06:35:14.186Z"}
{"level":"info","message":"Succeefully connected to database_development","timestamp":"2016-12-14T06:35:16.049Z"}
{"level":"info","message":"Registering routes","timestamp":"2016-12-14T06:35:16.107Z"}
{"level":"info","message":"Set application configuration","timestamp":"2016-12-14T06:35:16.113Z"}
{"level":"error","message":"path is not defined","timestamp":"2016-12-14T06:35:17.456Z"}
{"level":"error","message":"path is not defined","timestamp":"2016-12-14T06:35:18.504Z"}
{"level":"info","message":"Connecting to database_development","timestamp":"2016-12-14T06:35:40.962Z"}
{"level":"info","message":"Succeefully connected to database_development","timestamp":"2016-12-14T06:35:42.656Z"}
{"level":"info","message":"Registering routes","timestamp":"2016-12-14T06:35:42.718Z"}
{"level":"info","message":"Set application configuration","timestamp":"2016-12-14T06:35:42.726Z"}
{"level":"error","message":"ENOENT: no such file or directory, stat 'D:\\Projects\\employee-payment\\lib\\routes\\public\\index.html'","timestamp":"2016-12-14T06:35:46.956Z"}
{"level":"info","message":"Connecting to database_development","timestamp":"2016-12-14T06:36:21.923Z"}
{"level":"info","message":"Succeefully connected to database_development","timestamp":"2016-12-14T06:36:23.735Z"}
{"level":"info","message":"Registering routes","timestamp":"2016-12-14T06:36:23.798Z"}
{"level":"info","message":"Set application configuration","timestamp":"2016-12-14T06:36:23.803Z"}
{"level":"info","message":"Connecting to database_development","timestamp":"2016-12-14T06:36:36.665Z"}
{"level":"info","message":"Succeefully connected to database_development","timestamp":"2016-12-14T06:36:38.384Z"}
{"level":"info","message":"Registering routes","timestamp":"2016-12-14T06:36:38.455Z"}
{"level":"info","message":"Set application configuration","timestamp":"2016-12-14T06:36:38.461Z"}
{"level":"error","message":"path must be absolute or specify root to res.sendFile","timestamp":"2016-12-14T06:36:42.273Z"}
{"level":"info","message":"Connecting to database_development","timestamp":"2016-12-14T06:37:24.279Z"}
{"level":"info","message":"Succeefully connected to database_development","timestamp":"2016-12-14T06:37:26.099Z"}
{"level":"info","message":"Registering routes","timestamp":"2016-12-14T06:37:26.163Z"}
{"level":"info","message":"Set application configuration","timestamp":"2016-12-14T06:37:26.173Z"}
{"level":"error","message":"ENOENT: no such file or directory, stat 'D:\\Projects\\employee-payment\\lib\\routes\\index.html'","timestamp":"2016-12-14T06:37:30.194Z"}
{"level":"info","message":"Connecting to database_development","timestamp":"2016-12-14T06:41:53.217Z"}
{"level":"info","message":"Succeefully connected to database_development","timestamp":"2016-12-14T06:41:58.281Z"}
{"level":"info","message":"Registering routes","timestamp":"2016-12-14T06:41:58.382Z"}
{"level":"info","message":"Set application configuration","timestamp":"2016-12-14T06:41:58.396Z"}
{"level":"error","message":"ENOENT: no such file or directory, stat 'D:\\Projects\\employee-payment\\lib\\routes\\public\\index.html'","timestamp":"2016-12-14T06:42:01.745Z"}
{"level":"info","message":"Connecting to database_development","timestamp":"2016-12-14T06:42:47.542Z"}
{"level":"info","message":"Succeefully connected to database_development","timestamp":"2016-12-14T06:42:50.201Z"}
{"level":"info","message":"Registering routes","timestamp":"2016-12-14T06:42:50.262Z"}
{"level":"info","message":"Set application configuration","timestamp":"2016-12-14T06:42:50.270Z"}
{"level":"error","message":"ENOENT: no such file or directory, stat 'D:\\Projects\\employee-payment\\lib\\public\\index.html'","timestamp":"2016-12-14T06:42:54.673Z"}
{"level":"info","message":"Connecting to database_development","timestamp":"2016-12-14T06:44:30.371Z"}
{"level":"info","message":"Succeefully connected to database_development","timestamp":"2016-12-14T06:44:32.454Z"}
{"level":"info","message":"Registering routes","timestamp":"2016-12-14T06:44:32.531Z"}
{"level":"info","message":"Set application configuration","timestamp":"2016-12-14T06:44:32.546Z"}
{"level":"info","message":"Connecting to database_development","timestamp":"2016-12-14T06:44:53.252Z"}
{"level":"info","message":"Succeefully connected to database_development","timestamp":"2016-12-14T06:44:55.030Z"}
{"level":"info","message":"Registering routes","timestamp":"2016-12-14T06:44:55.086Z"}
{"level":"info","message":"Set application configuration","timestamp":"2016-12-14T06:44:55.095Z"}
{"level":"error","message":"path must be absolute or specify root to res.sendFile","timestamp":"2016-12-14T06:44:59.105Z"}
{"level":"info","message":"Connecting to database_development","timestamp":"2016-12-14T06:45:56.513Z"}
{"level":"info","message":"Succeefully connected to database_development","timestamp":"2016-12-14T06:45:58.313Z"}
{"level":"info","message":"Registering routes","timestamp":"2016-12-14T06:45:58.407Z"}
{"level":"info","message":"Set application configuration","timestamp":"2016-12-14T06:45:58.418Z"}
{"level":"error","message":"ENOENT: no such file or directory, stat 'D:\\Projects\\employee-payment\\public\\public\\index.html'","timestamp":"2016-12-14T06:46:03.756Z"}
{"level":"info","message":"Connecting to database_development","timestamp":"2016-12-14T06:46:39.037Z"}
{"level":"info","message":"Succeefully connected to database_development","timestamp":"2016-12-14T06:46:41.426Z"}
{"level":"info","message":"Registering routes","timestamp":"2016-12-14T06:46:41.486Z"}
{"level":"info","message":"Set application configuration","timestamp":"2016-12-14T06:46:41.492Z"}
{"level":"info","message":"Connecting to database_development","timestamp":"2016-12-14T06:50:55.669Z"}
{"level":"info","message":"Succeefully connected to database_development","timestamp":"2016-12-14T06:50:57.734Z"}
{"level":"info","message":"Registering routes","timestamp":"2016-12-14T06:50:57.763Z"}
{"level":"info","message":"Set application configuration","timestamp":"2016-12-14T06:50:57.769Z"}
{"level":"info","message":"Connecting to database_development","timestamp":"2016-12-14T06:51:33.692Z"}
{"level":"info","message":"Succeefully connected to database_development","timestamp":"2016-12-14T06:51:35.595Z"}
{"level":"info","message":"Registering routes","timestamp":"2016-12-14T06:51:35.668Z"}
{"level":"info","message":"Set application configuration","timestamp":"2016-12-14T06:51:35.676Z"}
{"level":"info","message":"Connecting to database_development","timestamp":"2016-12-14T07:04:39.755Z"}
{"level":"info","message":"Succeefully connected to database_development","timestamp":"2016-12-14T07:04:41.767Z"}
{"level":"info","message":"Registering routes","timestamp":"2016-12-14T07:04:41.834Z"}
{"level":"info","message":"Set application configuration","timestamp":"2016-12-14T07:04:41.840Z"}
{"level":"info","message":"Connecting to database_development","timestamp":"2016-12-14T07:04:53.787Z"}
{"level":"info","message":"Succeefully connected to database_development","timestamp":"2016-12-14T07:04:55.698Z"}
{"level":"info","message":"Registering routes","timestamp":"2016-12-14T07:04:55.758Z"}
{"level":"info","message":"Set application configuration","timestamp":"2016-12-14T07:04:55.762Z"}
{"level":"info","message":"Connecting to database_development","timestamp":"2016-12-14T07:06:15.828Z"}
{"level":"info","message":"Succeefully connected to database_development","timestamp":"2016-12-14T07:06:20.892Z"}
{"level":"info","message":"Registering routes","timestamp":"2016-12-14T07:06:20.966Z"}
{"level":"info","message":"Set application configuration","timestamp":"2016-12-14T07:06:20.973Z"}
{"level":"info","message":"Connecting to database_development","timestamp":"2016-12-14T07:06:39.964Z"}
{"level":"info","message":"Succeefully connected to database_development","timestamp":"2016-12-14T07:06:41.884Z"}
{"level":"info","message":"Registering routes","timestamp":"2016-12-14T07:06:41.926Z"}
{"level":"info","message":"Failed to set app configuration: Cannot find module './models/employee'","timestamp":"2016-12-14T07:06:41.929Z"}
{"level":"info","message":"Set application configuration","timestamp":"2016-12-14T07:06:41.929Z"}
{"level":"info","message":"Connecting to database_development","timestamp":"2016-12-14T07:06:47.888Z"}
{"level":"info","message":"Succeefully connected to database_development","timestamp":"2016-12-14T07:06:49.663Z"}
{"level":"info","message":"Registering routes","timestamp":"2016-12-14T07:06:49.711Z"}
{"level":"info","message":"Failed to set app configuration: Cannot find module './models/employee'","timestamp":"2016-12-14T07:06:49.714Z"}
{"level":"info","message":"Set application configuration","timestamp":"2016-12-14T07:06:49.715Z"}
{"level":"info","message":"Connecting to database_development","timestamp":"2016-12-14T07:09:01.206Z"}
{"level":"info","message":"Succeefully connected to database_development","timestamp":"2016-12-14T07:09:03.094Z"}
{"level":"info","message":"Registering routes","timestamp":"2016-12-14T07:09:03.136Z"}
{"level":"info","message":"Failed to set app configuration: Cannot find module './models/employee'","timestamp":"2016-12-14T07:09:03.139Z"}
{"level":"info","message":"Set application configuration","timestamp":"2016-12-14T07:09:03.140Z"}
{"level":"info","message":"Connecting to database_development","timestamp":"2016-12-14T07:09:36.601Z"}
{"level":"info","message":"Succeefully connected to database_development","timestamp":"2016-12-14T07:09:38.527Z"}
{"level":"info","message":"Registering routes","timestamp":"2016-12-14T07:09:38.578Z"}
{"level":"info","message":"Failed to set app configuration: Cannot find module './models/employee'","timestamp":"2016-12-14T07:09:38.582Z"}
{"level":"info","message":"Set application configuration","timestamp":"2016-12-14T07:09:38.583Z"}
{"level":"info","message":"Connecting to database_development","timestamp":"2016-12-14T07:11:31.720Z"}
{"level":"info","message":"Succeefully connected to database_development","timestamp":"2016-12-14T07:11:33.523Z"}
{"level":"info","message":"Registering routes","timestamp":"2016-12-14T07:11:33.602Z"}
{"level":"info","message":"Failed to set app configuration: Cannot find module './models/employee'","timestamp":"2016-12-14T07:11:33.605Z"}
{"level":"info","message":"Set application configuration","timestamp":"2016-12-14T07:11:33.605Z"}
{"level":"info","message":"Connecting to database_development","timestamp":"2016-12-14T07:11:37.124Z"}
{"level":"info","message":"Succeefully connected to database_development","timestamp":"2016-12-14T07:11:39.154Z"}
{"level":"info","message":"Registering routes","timestamp":"2016-12-14T07:11:39.195Z"}
{"level":"info","message":"Failed to set app configuration: Cannot find module './models/employee'","timestamp":"2016-12-14T07:11:39.198Z"}
{"level":"info","message":"Set application configuration","timestamp":"2016-12-14T07:11:39.198Z"}
{"level":"info","message":"Connecting to database_development","timestamp":"2016-12-14T07:13:16.735Z"}
{"level":"info","message":"Succeefully connected to database_development","timestamp":"2016-12-14T07:13:18.689Z"}
{"level":"info","message":"Registering routes","timestamp":"2016-12-14T07:13:18.725Z"}
{"level":"info","message":"Failed to set app configuration: Cannot find module './models/employee'","timestamp":"2016-12-14T07:13:18.727Z"}
{"level":"info","message":"Set application configuration","timestamp":"2016-12-14T07:13:18.728Z"}
{"level":"info","message":"Connecting to database_development","timestamp":"2016-12-14T07:13:52.560Z"}
{"level":"info","message":"Connecting to database_development","timestamp":"2016-12-14T07:13:54.084Z"}
{"level":"info","message":"Succeefully connected to database_development","timestamp":"2016-12-14T07:13:55.881Z"}
{"level":"info","message":"Registering routes","timestamp":"2016-12-14T07:13:55.948Z"}
{"level":"info","message":"Failed to set app configuration: Cannot find module './models/employee'","timestamp":"2016-12-14T07:13:55.954Z"}
{"level":"info","message":"Set application configuration","timestamp":"2016-12-14T07:13:55.955Z"}
{"level":"info","message":"Connecting to database_development","timestamp":"2016-12-14T07:14:12.102Z"}
{"level":"info","message":"Succeefully connected to database_development","timestamp":"2016-12-14T07:14:16.676Z"}
{"level":"info","message":"Registering routes","timestamp":"2016-12-14T07:14:16.749Z"}
{"level":"info","message":"Failed to set app configuration: Cannot find module './models/employee'","timestamp":"2016-12-14T07:14:16.753Z"}
{"level":"info","message":"Set application configuration","timestamp":"2016-12-14T07:14:16.754Z"}
{"level":"info","message":"Connecting to database_development","timestamp":"2016-12-14T07:14:20.030Z"}
{"level":"info","message":"Succeefully connected to database_development","timestamp":"2016-12-14T07:14:21.847Z"}
{"level":"info","message":"Registering routes","timestamp":"2016-12-14T07:14:21.870Z"}
{"level":"info","message":"Failed to set app configuration: Cannot find module './models/employee'","timestamp":"2016-12-14T07:14:21.872Z"}
{"level":"info","message":"Set application configuration","timestamp":"2016-12-14T07:14:21.873Z"}
{"level":"info","message":"Connecting to database_development","timestamp":"2016-12-14T07:14:23.800Z"}
{"level":"info","message":"Succeefully connected to database_development","timestamp":"2016-12-14T07:14:25.558Z"}
{"level":"info","message":"Registering routes","timestamp":"2016-12-14T07:14:25.591Z"}
{"level":"info","message":"Failed to set app configuration: Cannot find module './models/employee'","timestamp":"2016-12-14T07:14:25.594Z"}
{"level":"info","message":"Set application configuration","timestamp":"2016-12-14T07:14:25.594Z"}
{"level":"info","message":"Connecting to database_development","timestamp":"2016-12-14T07:14:58.226Z"}
{"level":"info","message":"Succeefully connected to database_development","timestamp":"2016-12-14T07:15:00.069Z"}
{"level":"info","message":"Registering routes","timestamp":"2016-12-14T07:15:00.112Z"}
{"level":"info","message":"Failed to set app configuration: Cannot find module './models/employee'","timestamp":"2016-12-14T07:15:00.116Z"}
{"level":"info","message":"Set application configuration","timestamp":"2016-12-14T07:15:00.117Z"}
{"level":"info","message":"Connecting to database_development","timestamp":"2016-12-14T07:15:31.403Z"}
{"level":"info","message":"Succeefully connected to database_development","timestamp":"2016-12-14T07:15:33.146Z"}
{"level":"info","message":"Registering routes","timestamp":"2016-12-14T07:15:33.213Z"}
{"level":"info","message":"Set application configuration","timestamp":"2016-12-14T07:15:33.249Z"}
{"level":"info","message":"Connecting to database_development","timestamp":"2016-12-14T07:15:59.732Z"}
{"level":"info","message":"Succeefully connected to database_development","timestamp":"2016-12-14T07:16:01.582Z"}
{"level":"info","message":"Registering routes","timestamp":"2016-12-14T07:16:01.641Z"}
{"level":"info","message":"Set application configuration","timestamp":"2016-12-14T07:16:01.661Z"}
{"level":"info","message":"Connecting to database_development","timestamp":"2016-12-14T07:16:23.510Z"}
{"level":"info","message":"Connecting to database_development","timestamp":"2016-12-14T07:16:24.823Z"}
{"level":"info","message":"Succeefully connected to database_development","timestamp":"2016-12-14T07:16:26.708Z"}
{"level":"info","message":"Registering routes","timestamp":"2016-12-14T07:16:26.752Z"}
{"level":"info","message":"Set application configuration","timestamp":"2016-12-14T07:16:26.772Z"}
{"level":"info","message":"Connecting to database_development","timestamp":"2016-12-14T07:18:16.295Z"}
{"level":"info","message":"Connecting to database_development","timestamp":"2016-12-14T07:20:36.080Z"}
{"level":"info","message":"Succeefully connected to database_development","timestamp":"2016-12-14T07:20:38.070Z"}
{"level":"info","message":"Registering routes","timestamp":"2016-12-14T07:20:38.142Z"}
{"level":"info","message":"Failed to set app configuration: Cannot find module './models/employee'","timestamp":"2016-12-14T07:20:38.145Z"}
{"level":"info","message":"Set application configuration","timestamp":"2016-12-14T07:20:38.145Z"}
{"level":"info","message":"Connecting to database_development","timestamp":"2016-12-14T07:20:43.760Z"}
{"level":"info","message":"Succeefully connected to database_development","timestamp":"2016-12-14T07:20:45.680Z"}
{"level":"info","message":"Registering routes","timestamp":"2016-12-14T07:20:45.755Z"}
{"level":"info","message":"Failed to set app configuration: Cannot find module './models/employee'","timestamp":"2016-12-14T07:20:45.760Z"}
{"level":"info","message":"Set application configuration","timestamp":"2016-12-14T07:20:45.761Z"}
{"level":"info","message":"Connecting to database_development","timestamp":"2016-12-14T07:20:53.051Z"}
{"level":"info","message":"Succeefully connected to database_development","timestamp":"2016-12-14T07:20:54.894Z"}
{"level":"info","message":"Registering routes","timestamp":"2016-12-14T07:20:54.982Z"}
{"level":"info","message":"Set application configuration","timestamp":"2016-12-14T07:20:55.000Z"}
{"level":"info","message":"Connecting to database_development","timestamp":"2016-12-14T07:22:36.134Z"}
{"level":"info","message":"Succeefully connected to database_development","timestamp":"2016-12-14T07:22:38.114Z"}
{"level":"info","message":"Registering routes","timestamp":"2016-12-14T07:22:38.159Z"}
{"level":"info","message":"Set application configuration","timestamp":"2016-12-14T07:22:38.172Z"}
{"level":"info","message":"Connecting to database_development","timestamp":"2016-12-14T07:23:03.208Z"}
{"level":"info","message":"Succeefully connected to database_development","timestamp":"2016-12-14T07:23:05.152Z"}
{"level":"info","message":"Registering routes","timestamp":"2016-12-14T07:23:05.209Z"}
{"level":"info","message":"Set application configuration","timestamp":"2016-12-14T07:23:05.223Z"}
{"level":"info","message":"Connecting to database_development","timestamp":"2016-12-14T07:24:15.956Z"}
{"level":"info","message":"Succeefully connected to database_development","timestamp":"2016-12-14T07:24:17.842Z"}
{"level":"info","message":"Registering routes","timestamp":"2016-12-14T07:24:18.021Z"}
{"level":"info","message":"Set application configuration","timestamp":"2016-12-14T07:24:18.054Z"}
{"level":"info","message":"Connecting to database_development","timestamp":"2016-12-14T07:25:10.451Z"}
{"level":"info","message":"Succeefully connected to database_development","timestamp":"2016-12-14T07:25:12.126Z"}
{"level":"info","message":"Registering routes","timestamp":"2016-12-14T07:25:12.165Z"}
{"level":"info","message":"Set application configuration","timestamp":"2016-12-14T07:25:12.183Z"}
{"level":"info","message":"Connecting to database_development","timestamp":"2016-12-14T07:31:23.878Z"}
{"level":"info","message":"Succeefully connected to database_development","timestamp":"2016-12-14T07:31:25.956Z"}
{"level":"info","message":"Registering routes","timestamp":"2016-12-14T07:31:26.002Z"}
{"level":"info","message":"Set application configuration","timestamp":"2016-12-14T07:31:26.015Z"}
{"level":"info","message":"Connecting to database_development","timestamp":"2016-12-14T07:40:01.420Z"}
{"level":"info","message":"Connecting to database_development","timestamp":"2016-12-14T07:40:02.521Z"}
{"level":"info","message":"Succeefully connected to database_development","timestamp":"2016-12-14T07:40:04.356Z"}
{"level":"info","message":"Registering routes","timestamp":"2016-12-14T07:40:04.449Z"}
{"level":"info","message":"Set application configuration","timestamp":"2016-12-14T07:40:05.040Z"}
{"level":"info","message":"Connecting to database_development","timestamp":"2016-12-14T07:43:13.796Z"}
{"level":"info","message":"Succeefully connected to database_development","timestamp":"2016-12-14T07:43:15.640Z"}
{"level":"info","message":"Registering routes","timestamp":"2016-12-14T07:43:15.695Z"}
{"level":"info","message":"Set application configuration","timestamp":"2016-12-14T07:43:16.432Z"}
{"level":"info","message":"Connecting to database_development","timestamp":"2016-12-14T07:43:48.068Z"}
{"level":"info","message":"Succeefully connected to database_development","timestamp":"2016-12-14T07:43:49.740Z"}
{"level":"info","message":"Registering routes","timestamp":"2016-12-14T07:43:49.792Z"}
{"level":"info","message":"Set application configuration","timestamp":"2016-12-14T07:43:50.234Z"}
{"level":"info","message":"Connecting to database_development","timestamp":"2016-12-14T07:45:18.242Z"}
{"level":"info","message":"Succeefully connected to database_development","timestamp":"2016-12-14T07:45:20.122Z"}
{"level":"info","message":"Registering routes","timestamp":"2016-12-14T07:45:20.191Z"}
{"level":"info","message":"Set application configuration","timestamp":"2016-12-14T07:45:20.763Z"}
{"level":"info","message":"Connecting to database_development","timestamp":"2016-12-14T07:45:23.605Z"}
{"level":"info","message":"Connecting to database_development","timestamp":"2016-12-14T07:45:25.301Z"}
{"level":"info","message":"Succeefully connected to database_development","timestamp":"2016-12-14T07:45:27.126Z"}
{"level":"info","message":"Registering routes","timestamp":"2016-12-14T07:45:27.213Z"}
{"level":"info","message":"Set application configuration","timestamp":"2016-12-14T07:45:27.657Z"}
{"level":"info","message":"Connecting to database_development","timestamp":"2016-12-14T07:45:34.100Z"}
{"level":"info","message":"Succeefully connected to database_development","timestamp":"2016-12-14T07:45:35.835Z"}
{"level":"info","message":"Registering routes","timestamp":"2016-12-14T07:45:35.906Z"}
{"level":"info","message":"Set application configuration","timestamp":"2016-12-14T07:45:36.428Z"}
{"level":"info","message":"Connecting to database_development","timestamp":"2016-12-14T07:45:46.969Z"}
{"level":"info","message":"Succeefully connected to database_development","timestamp":"2016-12-14T07:45:48.941Z"}
{"level":"info","message":"Registering routes","timestamp":"2016-12-14T07:45:49.036Z"}
{"level":"info","message":"Set application configuration","timestamp":"2016-12-14T07:45:49.689Z"}
{"level":"info","message":"Connecting to database_development","timestamp":"2016-12-14T07:46:23.378Z"}
{"level":"info","message":"Succeefully connected to database_development","timestamp":"2016-12-14T07:46:25.302Z"}
{"level":"info","message":"Registering routes","timestamp":"2016-12-14T07:46:25.379Z"}
{"level":"info","message":"Set application configuration","timestamp":"2016-12-14T07:46:25.778Z"}
{"level":"error","message":"Path must be a string. Received undefined","timestamp":"2016-12-14T07:46:49.712Z"}
{"level":"info","message":"Connecting to database_development","timestamp":"2016-12-14T07:50:46.475Z"}
{"level":"info","message":"Succeefully connected to database_development","timestamp":"2016-12-14T07:50:48.362Z"}
{"level":"info","message":"Registering routes","timestamp":"2016-12-14T07:50:48.402Z"}
{"level":"info","message":"Set application configuration","timestamp":"2016-12-14T07:50:48.919Z"}
{"level":"error","message":"Path must be a string. Received undefined","timestamp":"2016-12-14T07:50:55.339Z"}
{"level":"info","message":"Connecting to database_development","timestamp":"2016-12-14T07:52:52.204Z"}
{"level":"info","message":"Succeefully connected to database_development","timestamp":"2016-12-14T07:52:54.288Z"}
{"level":"info","message":"Registering routes","timestamp":"2016-12-14T07:52:54.343Z"}
{"level":"info","message":"Set application configuration","timestamp":"2016-12-14T07:52:54.819Z"}
{"level":"info","message":"Connecting to database_development","timestamp":"2016-12-14T07:53:19.331Z"}
{"level":"info","message":"Succeefully connected to database_development","timestamp":"2016-12-14T07:53:21.016Z"}
{"level":"info","message":"Registering routes","timestamp":"2016-12-14T07:53:21.080Z"}
{"level":"info","message":"Set application configuration","timestamp":"2016-12-14T07:53:21.554Z"}
{"level":"error","message":"Path must be a string. Received undefined","timestamp":"2016-12-14T07:53:38.449Z"}
{"level":"info","message":"Connecting to database_development","timestamp":"2016-12-14T07:55:10.874Z"}
{"level":"info","message":"Succeefully connected to database_development","timestamp":"2016-12-14T07:55:12.738Z"}
{"level":"info","message":"Registering routes","timestamp":"2016-12-14T07:55:12.802Z"}
{"level":"info","message":"Set application configuration","timestamp":"2016-12-14T07:55:13.283Z"}
{"level":"error","message":"Path must be a string. Received undefined","timestamp":"2016-12-14T07:55:17.742Z"}
{"level":"info","message":"Connecting to database_development","timestamp":"2016-12-14T07:55:42.269Z"}
{"level":"info","message":"Succeefully connected to database_development","timestamp":"2016-12-14T07:55:44.200Z"}
{"level":"info","message":"Registering routes","timestamp":"2016-12-14T07:55:44.255Z"}
{"level":"info","message":"Set application configuration","timestamp":"2016-12-14T07:55:44.670Z"}
{"level":"error","message":"Path must be a string. Received undefined","timestamp":"2016-12-14T07:57:10.751Z"}
{"level":"info","message":"Connecting to database_development","timestamp":"2016-12-14T07:58:02.376Z"}
{"level":"info","message":"Succeefully connected to database_development","timestamp":"2016-12-14T07:58:04.285Z"}
{"level":"info","message":"Registering routes","timestamp":"2016-12-14T07:58:04.339Z"}
{"level":"info","message":"Set application configuration","timestamp":"2016-12-14T07:58:04.913Z"}
{"level":"info","message":"Connecting to database_development","timestamp":"2016-12-14T07:58:55.615Z"}
{"level":"info","message":"Succeefully connected to database_development","timestamp":"2016-12-14T07:58:57.765Z"}
{"level":"info","message":"Registering routes","timestamp":"2016-12-14T07:58:57.915Z"}
{"level":"info","message":"Set application configuration","timestamp":"2016-12-14T07:58:58.389Z"}
{"level":"info","message":"Connecting to database_development","timestamp":"2016-12-14T07:59:09.227Z"}
{"level":"info","message":"Connecting to database_development","timestamp":"2016-12-14T07:59:45.940Z"}
{"level":"info","message":"Succeefully connected to database_development","timestamp":"2016-12-14T07:59:48.019Z"}
{"level":"info","message":"Registering routes","timestamp":"2016-12-14T07:59:48.077Z"}
{"level":"info","message":"Set application configuration","timestamp":"2016-12-14T07:59:48.566Z"}
{"level":"info","message":"Connecting to database_development","timestamp":"2016-12-14T08:01:04.466Z"}
{"level":"info","message":"Succeefully connected to database_development","timestamp":"2016-12-14T08:01:06.153Z"}
{"level":"info","message":"Registering routes","timestamp":"2016-12-14T08:01:06.219Z"}
{"level":"info","message":"Set application configuration","timestamp":"2016-12-14T08:01:06.998Z"}
{"level":"info","message":"Connecting to database_development","timestamp":"2016-12-14T08:01:16.570Z"}
{"level":"info","message":"Succeefully connected to database_development","timestamp":"2016-12-14T08:01:18.439Z"}
{"level":"info","message":"Registering routes","timestamp":"2016-12-14T08:01:18.472Z"}
{"level":"info","message":"Set application configuration","timestamp":"2016-12-14T08:01:18.869Z"}
{"level":"info","message":"Connecting to database_development","timestamp":"2016-12-14T08:04:24.776Z"}
{"level":"info","message":"Succeefully connected to database_development","timestamp":"2016-12-14T08:04:26.873Z"}
{"level":"info","message":"Registering routes","timestamp":"2016-12-14T08:04:26.966Z"}
{"level":"info","message":"Failed to set app configuration: Unexpected identifier","timestamp":"2016-12-14T08:04:26.990Z"}
{"level":"info","message":"Set application configuration","timestamp":"2016-12-14T08:04:26.991Z"}
{"level":"info","message":"Connecting to database_development","timestamp":"2016-12-14T08:05:03.077Z"}
{"level":"info","message":"Succeefully connected to database_development","timestamp":"2016-12-14T08:05:05.057Z"}
{"level":"info","message":"Registering routes","timestamp":"2016-12-14T08:05:05.175Z"}
{"level":"info","message":"Failed to set app configuration: Unexpected identifier","timestamp":"2016-12-14T08:05:05.213Z"}
{"level":"info","message":"Set application configuration","timestamp":"2016-12-14T08:05:05.214Z"}
{"level":"info","message":"Connecting to database_development","timestamp":"2016-12-14T08:05:42.419Z"}
{"level":"info","message":"Succeefully connected to database_development","timestamp":"2016-12-14T08:05:44.152Z"}
{"level":"info","message":"Registering routes","timestamp":"2016-12-14T08:05:44.184Z"}
{"level":"info","message":"Failed to set app configuration: Unexpected identifier","timestamp":"2016-12-14T08:05:44.198Z"}
{"level":"info","message":"Set application configuration","timestamp":"2016-12-14T08:05:44.198Z"}
{"level":"info","message":"Connecting to database_development","timestamp":"2016-12-14T08:06:10.804Z"}
{"level":"info","message":"Succeefully connected to database_development","timestamp":"2016-12-14T08:06:13.054Z"}
{"level":"info","message":"Registering routes","timestamp":"2016-12-14T08:06:13.139Z"}
{"level":"info","message":"Set application configuration","timestamp":"2016-12-14T08:06:13.700Z"}
{"level":"info","message":"Connecting to database_development","timestamp":"2016-12-14T08:06:29.244Z"}
{"level":"info","message":"Succeefully connected to database_development","timestamp":"2016-12-14T08:06:31.175Z"}
{"level":"info","message":"Registering routes","timestamp":"2016-12-14T08:06:31.217Z"}
{"level":"info","message":"Failed to set app configuration: Unexpected string","timestamp":"2016-12-14T08:06:31.231Z"}
{"level":"info","message":"Set application configuration","timestamp":"2016-12-14T08:06:31.232Z"}
{"level":"info","message":"Connecting to database_development","timestamp":"2016-12-14T08:06:50.539Z"}
{"level":"info","message":"Succeefully connected to database_development","timestamp":"2016-12-14T08:06:52.477Z"}
{"level":"info","message":"Registering routes","timestamp":"2016-12-14T08:06:52.568Z"}
{"level":"info","message":"Set application configuration","timestamp":"2016-12-14T08:06:53.368Z"}
{"level":"info","message":"Connecting to database_development","timestamp":"2016-12-14T08:07:05.730Z"}
{"level":"info","message":"Succeefully connected to database_development","timestamp":"2016-12-14T08:07:07.635Z"}
{"level":"info","message":"Registering routes","timestamp":"2016-12-14T08:07:07.720Z"}
{"level":"info","message":"Set application configuration","timestamp":"2016-12-14T08:07:08.371Z"}
{"level":"info","message":"Connecting to database_development","timestamp":"2016-12-14T08:07:32.119Z"}
{"level":"info","message":"Succeefully connected to database_development","timestamp":"2016-12-14T08:07:36.942Z"}
{"level":"info","message":"Registering routes","timestamp":"2016-12-14T08:07:37.026Z"}
{"level":"info","message":"Failed to set app configuration: Unexpected identifier","timestamp":"2016-12-14T08:07:37.080Z"}
{"level":"info","message":"Set application configuration","timestamp":"2016-12-14T08:07:37.081Z"}
{"level":"info","message":"Connecting to database_development","timestamp":"2016-12-14T08:07:59.876Z"}
{"level":"info","message":"Succeefully connected to database_development","timestamp":"2016-12-14T08:08:02.107Z"}
{"level":"info","message":"Registering routes","timestamp":"2016-12-14T08:08:02.170Z"}
{"level":"info","message":"Failed to set app configuration: Unexpected identifier","timestamp":"2016-12-14T08:08:02.193Z"}
{"level":"info","message":"Set application configuration","timestamp":"2016-12-14T08:08:02.193Z"}
{"level":"info","message":"Connecting to database_development","timestamp":"2016-12-14T08:09:47.435Z"}
{"level":"info","message":"Succeefully connected to database_development","timestamp":"2016-12-14T08:09:50.756Z"}
{"level":"info","message":"Registering routes","timestamp":"2016-12-14T08:09:50.830Z"}
{"level":"info","message":"Set application configuration","timestamp":"2016-12-14T08:09:51.308Z"}
{"level":"info","message":"Connecting to database_development","timestamp":"2016-12-14T08:10:01.338Z"}
{"level":"info","message":"Succeefully connected to database_development","timestamp":"2016-12-14T08:10:03.454Z"}
{"level":"info","message":"Registering routes","timestamp":"2016-12-14T08:10:03.506Z"}
{"level":"info","message":"Set application configuration","timestamp":"2016-12-14T08:10:03.932Z"}
{"level":"info","message":"Connecting to database_development","timestamp":"2016-12-14T08:10:30.413Z"}
{"level":"info","message":"Succeefully connected to database_development","timestamp":"2016-12-14T08:10:32.239Z"}
{"level":"info","message":"Registering routes","timestamp":"2016-12-14T08:10:32.274Z"}
{"level":"info","message":"Set application configuration","timestamp":"2016-12-14T08:10:32.761Z"}
{"level":"error","message":"ENOENT: no such file or directory, open 'D:\\Projects\\employee-payment\\fonts\\PalatinoBold.ttf'","timestamp":"2016-12-14T08:10:45.836Z"}
{"level":"info","message":"Connecting to database_development","timestamp":"2016-12-14T08:11:31.044Z"}
{"level":"info","message":"Succeefully connected to database_development","timestamp":"2016-12-14T08:11:32.928Z"}
{"level":"info","message":"Registering routes","timestamp":"2016-12-14T08:11:32.989Z"}
{"level":"info","message":"Set application configuration","timestamp":"2016-12-14T08:11:33.440Z"}
{"level":"error","message":"ENOENT: no such file or directory, open 'D:\\Projects\\employee-payment\\fonts\\PalatinoBold.ttf'","timestamp":"2016-12-14T08:11:36.096Z"}
{"level":"info","message":"Connecting to database_development","timestamp":"2016-12-14T08:12:11.976Z"}
{"level":"info","message":"Succeefully connected to database_development","timestamp":"2016-12-14T08:12:13.894Z"}
{"level":"info","message":"Registering routes","timestamp":"2016-12-14T08:12:13.947Z"}
{"level":"info","message":"Set application configuration","timestamp":"2016-12-14T08:12:14.419Z"}
{"level":"error","message":"pdf is not defined","timestamp":"2016-12-14T08:12:23.111Z"}
{"level":"info","message":"Connecting to database_development","timestamp":"2016-12-14T08:12:52.289Z"}
{"level":"info","message":"Succeefully connected to database_development","timestamp":"2016-12-14T08:12:54.264Z"}
{"level":"info","message":"Registering routes","timestamp":"2016-12-14T08:12:54.353Z"}
{"level":"info","message":"Set application configuration","timestamp":"2016-12-14T08:12:55.118Z"}
{"level":"info","message":"Connecting to database_development","timestamp":"2016-12-14T08:36:19.295Z"}
{"level":"info","message":"Succeefully connected to database_development","timestamp":"2016-12-14T08:36:21.265Z"}
{"level":"info","message":"Registering routes","timestamp":"2016-12-14T08:36:21.471Z"}
{"level":"info","message":"Set application configuration","timestamp":"2016-12-14T08:36:22.755Z"}
{"level":"info","message":"Connecting to database_development","timestamp":"2016-12-14T08:37:17.714Z"}
{"level":"info","message":"Succeefully connected to database_development","timestamp":"2016-12-14T08:37:19.513Z"}
{"level":"info","message":"Registering routes","timestamp":"2016-12-14T08:37:19.632Z"}
{"level":"info","message":"Set application configuration","timestamp":"2016-12-14T08:37:20.080Z"}
{"level":"error","message":"path must be absolute or specify root to res.sendFile","timestamp":"2016-12-14T08:37:23.370Z"}
{"level":"info","message":"Connecting to database_development","timestamp":"2016-12-14T08:39:26.278Z"}
{"level":"info","message":"Succeefully connected to database_development","timestamp":"2016-12-14T08:39:28.155Z"}
{"level":"info","message":"Registering routes","timestamp":"2016-12-14T08:39:28.191Z"}
{"level":"info","message":"Set application configuration","timestamp":"2016-12-14T08:39:28.690Z"}
{"level":"info","message":"Connecting to database_development","timestamp":"2016-12-14T08:39:43.198Z"}
{"level":"info","message":"Succeefully connected to database_development","timestamp":"2016-12-14T08:39:45.044Z"}
{"level":"info","message":"Registering routes","timestamp":"2016-12-14T08:39:45.126Z"}
{"level":"info","message":"Set application configuration","timestamp":"2016-12-14T08:39:45.656Z"}
{"level":"info","message":"Connecting to database_development","timestamp":"2016-12-14T08:40:01.830Z"}
{"level":"info","message":"Succeefully connected to database_development","timestamp":"2016-12-14T08:40:03.652Z"}
{"level":"info","message":"Registering routes","timestamp":"2016-12-14T08:40:03.717Z"}
{"level":"info","message":"Set application configuration","timestamp":"2016-12-14T08:40:04.172Z"}
{"level":"info","message":"Connecting to database_development","timestamp":"2016-12-14T08:40:39.827Z"}
{"level":"info","message":"Succeefully connected to database_development","timestamp":"2016-12-14T08:40:41.779Z"}
{"level":"info","message":"Registering routes","timestamp":"2016-12-14T08:40:41.848Z"}
{"level":"info","message":"Set application configuration","timestamp":"2016-12-14T08:40:42.341Z"}
{"level":"info","message":"Connecting to database_development","timestamp":"2016-12-14T08:41:33.671Z"}
{"level":"info","message":"Succeefully connected to database_development","timestamp":"2016-12-14T08:41:35.842Z"}
{"level":"info","message":"Registering routes","timestamp":"2016-12-14T08:41:35.920Z"}
{"level":"info","message":"Set application configuration","timestamp":"2016-12-14T08:41:36.418Z"}
{"level":"info","message":"Connecting to database_development","timestamp":"2016-12-14T08:43:46.563Z"}
{"level":"info","message":"Succeefully connected to database_development","timestamp":"2016-12-14T08:43:48.867Z"}
{"level":"info","message":"Registering routes","timestamp":"2016-12-14T08:43:48.934Z"}
{"level":"info","message":"Set application configuration","timestamp":"2016-12-14T08:43:49.524Z"}
{"level":"info","message":"Connecting to database_development","timestamp":"2016-12-14T08:45:15.344Z"}
{"level":"info","message":"Succeefully connected to database_development","timestamp":"2016-12-14T08:45:17.339Z"}
{"level":"info","message":"Registering routes","timestamp":"2016-12-14T08:45:17.392Z"}
{"level":"info","message":"Set application configuration","timestamp":"2016-12-14T08:45:17.998Z"}
{"level":"info","message":"Connecting to database_development","timestamp":"2016-12-14T08:46:35.068Z"}
{"level":"info","message":"Succeefully connected to database_development","timestamp":"2016-12-14T08:46:37.212Z"}
{"level":"info","message":"Registering routes","timestamp":"2016-12-14T08:46:37.299Z"}
{"level":"info","message":"Failed to set app configuration: Unexpected token )","timestamp":"2016-12-14T08:46:37.318Z"}
{"level":"info","message":"Set application configuration","timestamp":"2016-12-14T08:46:37.319Z"}
{"level":"info","message":"Connecting to database_development","timestamp":"2016-12-14T08:46:52.766Z"}
{"level":"info","message":"Succeefully connected to database_development","timestamp":"2016-12-14T08:46:54.618Z"}
{"level":"info","message":"Registering routes","timestamp":"2016-12-14T08:46:54.652Z"}
{"level":"info","message":"Failed to set app configuration: Unexpected token )","timestamp":"2016-12-14T08:46:54.676Z"}
{"level":"info","message":"Set application configuration","timestamp":"2016-12-14T08:46:54.677Z"}
{"level":"info","message":"Connecting to database_development","timestamp":"2016-12-14T08:48:20.273Z"}
{"level":"info","message":"Succeefully connected to database_development","timestamp":"2016-12-14T08:48:22.480Z"}
{"level":"info","message":"Registering routes","timestamp":"2016-12-14T08:48:22.543Z"}
{"level":"info","message":"Failed to set app configuration: Unexpected token )","timestamp":"2016-12-14T08:48:22.558Z"}
{"level":"info","message":"Set application configuration","timestamp":"2016-12-14T08:48:22.559Z"}
{"level":"info","message":"Connecting to database_development","timestamp":"2016-12-14T08:48:42.497Z"}
{"level":"info","message":"Connecting to database_development","timestamp":"2016-12-14T08:48:44.749Z"}
{"level":"info","message":"Succeefully connected to database_development","timestamp":"2016-12-14T08:48:46.549Z"}
{"level":"info","message":"Registering routes","timestamp":"2016-12-14T08:48:46.601Z"}
{"level":"info","message":"Failed to set app configuration: Unexpected token )","timestamp":"2016-12-14T08:48:46.622Z"}
{"level":"info","message":"Set application configuration","timestamp":"2016-12-14T08:48:46.622Z"}
{"level":"info","message":"Connecting to database_development","timestamp":"2016-12-14T08:49:28.770Z"}
{"level":"info","message":"Succeefully connected to database_development","timestamp":"2016-12-14T08:49:30.580Z"}
{"level":"info","message":"Registering routes","timestamp":"2016-12-14T08:49:30.676Z"}
{"level":"info","message":"Failed to set app configuration: Unexpected token )","timestamp":"2016-12-14T08:49:30.694Z"}
{"level":"info","message":"Set application configuration","timestamp":"2016-12-14T08:49:30.695Z"}
{"level":"info","message":"Connecting to database_development","timestamp":"2016-12-14T08:50:22.597Z"}
{"level":"info","message":"Succeefully connected to database_development","timestamp":"2016-12-14T08:50:24.853Z"}
{"level":"info","message":"Registering routes","timestamp":"2016-12-14T08:50:25.008Z"}
{"level":"info","message":"Set application configuration","timestamp":"2016-12-14T08:50:25.875Z"}
{"level":"error","message":"fs is not defined","timestamp":"2016-12-14T08:50:36.916Z"}
{"level":"info","message":"Connecting to database_development","timestamp":"2016-12-14T08:50:54.774Z"}
{"level":"info","message":"Succeefully connected to database_development","timestamp":"2016-12-14T08:50:56.801Z"}
{"level":"info","message":"Registering routes","timestamp":"2016-12-14T08:50:56.874Z"}
{"level":"info","message":"Set application configuration","timestamp":"2016-12-14T08:50:57.407Z"}
{"level":"error","message":"res is not defined","timestamp":"2016-12-14T08:51:00.453Z"}
{"level":"info","message":"Connecting to database_development","timestamp":"2016-12-14T08:51:31.381Z"}
{"level":"info","message":"Succeefully connected to database_development","timestamp":"2016-12-14T08:51:33.462Z"}
{"level":"info","message":"Registering routes","timestamp":"2016-12-14T08:51:33.559Z"}
{"level":"info","message":"Set application configuration","timestamp":"2016-12-14T08:51:34.246Z"}
{"level":"error","message":"path argument is required to res.sendFile","timestamp":"2016-12-14T08:51:41.859Z"}
{"level":"info","message":"Connecting to database_development","timestamp":"2016-12-14T08:52:36.818Z"}
{"level":"info","message":"Succeefully connected to database_development","timestamp":"2016-12-14T08:52:39.204Z"}
{"level":"info","message":"Registering routes","timestamp":"2016-12-14T08:52:39.277Z"}
{"level":"info","message":"Set application configuration","timestamp":"2016-12-14T08:52:39.871Z"}
{"level":"info","message":"Connecting to database_development","timestamp":"2016-12-14T08:53:53.383Z"}
{"level":"info","message":"Succeefully connected to database_development","timestamp":"2016-12-14T08:53:55.187Z"}
{"level":"info","message":"Registering routes","timestamp":"2016-12-14T08:53:55.281Z"}
{"level":"info","message":"Set application configuration","timestamp":"2016-12-14T08:53:55.765Z"}
{"level":"error","message":"Converting circular structure to JSON","timestamp":"2016-12-14T08:53:58.787Z"}
{"level":"info","message":"Connecting to database_development","timestamp":"2016-12-14T08:54:21.372Z"}
{"level":"info","message":"Succeefully connected to database_development","timestamp":"2016-12-14T08:54:23.348Z"}
{"level":"info","message":"Registering routes","timestamp":"2016-12-14T08:54:23.435Z"}
{"level":"info","message":"Set application configuration","timestamp":"2016-12-14T08:54:24.052Z"}
{"level":"info","message":"Connecting to database_development","timestamp":"2016-12-14T08:56:21.898Z"}
{"level":"info","message":"Succeefully connected to database_development","timestamp":"2016-12-14T08:56:25.002Z"}
{"level":"info","message":"Registering routes","timestamp":"2016-12-14T08:56:25.079Z"}
{"level":"info","message":"Set application configuration","timestamp":"2016-12-14T08:56:25.497Z"}
{"level":"info","message":"Connecting to database_development","timestamp":"2016-12-14T08:56:27.094Z"}
{"level":"info","message":"Succeefully connected to database_development","timestamp":"2016-12-14T08:56:29.098Z"}
{"level":"info","message":"Registering routes","timestamp":"2016-12-14T08:56:29.155Z"}
{"level":"info","message":"Set application configuration","timestamp":"2016-12-14T08:56:29.569Z"}
{"level":"error","message":"res is not defined","timestamp":"2016-12-14T08:56:43.695Z"}
{"level":"info","message":"Connecting to database_development","timestamp":"2016-12-14T08:56:54.598Z"}
{"level":"info","message":"Succeefully connected to database_development","timestamp":"2016-12-14T08:56:56.750Z"}
{"level":"info","message":"Registering routes","timestamp":"2016-12-14T08:56:56.785Z"}
{"level":"info","message":"Set application configuration","timestamp":"2016-12-14T08:56:57.241Z"}
{"level":"error","message":"Cannot read property 'setHeader' of undefined","timestamp":"2016-12-14T08:57:02.833Z"}
{"level":"info","message":"Connecting to database_development","timestamp":"2016-12-14T08:57:46.031Z"}
{"level":"info","message":"Succeefully connected to database_development","timestamp":"2016-12-14T08:57:48.272Z"}
{"level":"info","message":"Registering routes","timestamp":"2016-12-14T08:57:48.348Z"}
{"level":"info","message":"Set application configuration","timestamp":"2016-12-14T08:57:48.836Z"}
{"level":"info","message":"Connecting to database_development","timestamp":"2016-12-14T08:57:51.414Z"}
{"level":"info","message":"Succeefully connected to database_development","timestamp":"2016-12-14T08:57:53.689Z"}
{"level":"info","message":"Registering routes","timestamp":"2016-12-14T08:57:53.736Z"}
{"level":"info","message":"Set application configuration","timestamp":"2016-12-14T08:57:54.303Z"}
{"level":"info","message":"Connecting to database_development","timestamp":"2016-12-14T08:58:39.965Z"}
{"level":"info","message":"Succeefully connected to database_development","timestamp":"2016-12-14T08:58:42.424Z"}
{"level":"info","message":"Registering routes","timestamp":"2016-12-14T08:58:42.477Z"}
{"level":"info","message":"Set application configuration","timestamp":"2016-12-14T08:58:42.959Z"}
{"level":"info","message":"Connecting to database_development","timestamp":"2016-12-14T08:58:53.070Z"}
{"level":"info","message":"Succeefully connected to database_development","timestamp":"2016-12-14T08:58:55.021Z"}
{"level":"info","message":"Registering routes","timestamp":"2016-12-14T08:58:55.093Z"}
{"level":"info","message":"Set application configuration","timestamp":"2016-12-14T08:58:55.585Z"}
{"level":"info","message":"Connecting to database_development","timestamp":"2016-12-14T09:03:29.067Z"}
{"level":"info","message":"Succeefully connected to database_development","timestamp":"2016-12-14T09:03:30.948Z"}
{"level":"info","message":"Registering routes","timestamp":"2016-12-14T09:03:31.014Z"}
{"level":"info","message":"Set application configuration","timestamp":"2016-12-14T09:03:31.768Z"}
{"level":"info","message":"Connecting to database_development","timestamp":"2016-12-14T09:05:30.821Z"}
{"level":"info","message":"Connecting to database_development","timestamp":"2016-12-14T09:05:33.656Z"}
{"level":"info","message":"Succeefully connected to database_development","timestamp":"2016-12-14T09:05:35.349Z"}
{"level":"info","message":"Registering routes","timestamp":"2016-12-14T09:05:35.403Z"}
{"level":"info","message":"Set application configuration","timestamp":"2016-12-14T09:05:36.212Z"}
{"level":"error","message":"data is not defined","timestamp":"2016-12-14T09:05:43.533Z"}
{"level":"info","message":"Connecting to database_development","timestamp":"2016-12-14T09:07:16.860Z"}
{"level":"info","message":"Succeefully connected to database_development","timestamp":"2016-12-14T09:07:18.718Z"}
{"level":"info","message":"Registering routes","timestamp":"2016-12-14T09:07:18.755Z"}
{"level":"info","message":"Set application configuration","timestamp":"2016-12-14T09:07:19.157Z"}
{"level":"error","message":"data is not defined","timestamp":"2016-12-14T09:07:45.868Z"}
{"level":"info","message":"Connecting to database_development","timestamp":"2016-12-14T09:08:56.652Z"}
{"level":"info","message":"Succeefully connected to database_development","timestamp":"2016-12-14T09:08:58.318Z"}
{"level":"info","message":"Registering routes","timestamp":"2016-12-14T09:08:58.343Z"}
{"level":"info","message":"Set application configuration","timestamp":"2016-12-14T09:08:58.746Z"}
{"level":"info","message":"Connecting to database_development","timestamp":"2016-12-14T09:09:49.071Z"}
{"level":"info","message":"Succeefully connected to database_development","timestamp":"2016-12-14T09:09:50.569Z"}
{"level":"info","message":"Registering routes","timestamp":"2016-12-14T09:09:50.623Z"}
{"level":"info","message":"Set application configuration","timestamp":"2016-12-14T09:09:50.991Z"}
{"level":"info","message":"Connecting to database_development","timestamp":"2016-12-14T09:12:45.904Z"}
{"level":"info","message":"Succeefully connected to database_development","timestamp":"2016-12-14T09:12:50.780Z"}
{"level":"info","message":"Registering routes","timestamp":"2016-12-14T09:12:50.808Z"}
{"level":"info","message":"Set application configuration","timestamp":"2016-12-14T09:12:51.280Z"}
{"level":"info","message":"Connecting to database_development","timestamp":"2016-12-14T09:13:06.528Z"}
{"level":"info","message":"Succeefully connected to database_development","timestamp":"2016-12-14T09:13:08.112Z"}
{"level":"info","message":"Registering routes","timestamp":"2016-12-14T09:13:08.155Z"}
{"level":"info","message":"Set application configuration","timestamp":"2016-12-14T09:13:08.586Z"}
{"level":"info","message":"Connecting to database_development","timestamp":"2016-12-14T09:13:28.003Z"}
{"level":"info","message":"Succeefully connected to database_development","timestamp":"2016-12-14T09:13:29.525Z"}
{"level":"info","message":"Registering routes","timestamp":"2016-12-14T09:13:29.554Z"}
{"level":"info","message":"Set application configuration","timestamp":"2016-12-14T09:13:29.974Z"}
{"level":"info","message":"Connecting to database_development","timestamp":"2016-12-14T09:14:36.438Z"}
{"level":"info","message":"Succeefully connected to database_development","timestamp":"2016-12-14T09:14:38.176Z"}
{"level":"info","message":"Registering routes","timestamp":"2016-12-14T09:14:38.207Z"}
{"level":"info","message":"Set application configuration","timestamp":"2016-12-14T09:14:38.635Z"}
{"level":"info","message":"Connecting to database_development","timestamp":"2016-12-14T09:17:26.095Z"}
{"level":"info","message":"Succeefully connected to database_development","timestamp":"2016-12-14T09:17:27.937Z"}
{"level":"info","message":"Registering routes","timestamp":"2016-12-14T09:17:27.977Z"}
{"level":"info","message":"Set application configuration","timestamp":"2016-12-14T09:17:28.677Z"}
{"level":"info","message":"Connecting to database_development","timestamp":"2016-12-14T09:24:08.254Z"}
{"level":"info","message":"Succeefully connected to database_development","timestamp":"2016-12-14T09:24:13.195Z"}
{"level":"info","message":"Registering routes","timestamp":"2016-12-14T09:24:13.251Z"}
{"level":"info","message":"Set application configuration","timestamp":"2016-12-14T09:24:13.894Z"}
{"level":"info","message":"Connecting to database_development","timestamp":"2016-12-14T09:25:06.469Z"}
{"level":"info","message":"Succeefully connected to database_development","timestamp":"2016-12-14T09:25:08.166Z"}
{"level":"info","message":"Registering routes","timestamp":"2016-12-14T09:25:08.208Z"}
{"level":"info","message":"Set application configuration","timestamp":"2016-12-14T09:25:08.680Z"}
{"level":"info","message":"Connecting to database_development","timestamp":"2016-12-14T09:34:40.714Z"}
{"level":"info","message":"Succeefully connected to database_development","timestamp":"2016-12-14T09:34:42.462Z"}
{"level":"info","message":"Registering routes","timestamp":"2016-12-14T09:34:42.520Z"}
{"level":"info","message":"Set application configuration","timestamp":"2016-12-14T09:34:43.186Z"}
{"level":"info","message":"Connecting to database_development","timestamp":"2016-12-14T09:35:13.374Z"}
{"level":"info","message":"Succeefully connected to database_development","timestamp":"2016-12-14T09:35:15.018Z"}
{"level":"info","message":"Registering routes","timestamp":"2016-12-14T09:35:15.050Z"}
{"level":"info","message":"Set application configuration","timestamp":"2016-12-14T09:35:15.454Z"}
{"level":"info","message":"Connecting to database_development","timestamp":"2016-12-14T09:35:17.229Z"}
{"level":"info","message":"Succeefully connected to database_development","timestamp":"2016-12-14T09:35:18.757Z"}
{"level":"info","message":"Registering routes","timestamp":"2016-12-14T09:35:18.813Z"}
{"level":"info","message":"Set application configuration","timestamp":"2016-12-14T09:35:19.205Z"}
{"level":"info","message":"Connecting to database_development","timestamp":"2016-12-14T10:41:39.510Z"}
{"level":"info","message":"Succeefully connected to database_development","timestamp":"2016-12-14T10:41:40.905Z"}
{"level":"info","message":"Registering routes","timestamp":"2016-12-14T10:41:41.068Z"}
{"level":"info","message":"Set application configuration","timestamp":"2016-12-14T10:41:41.678Z"}
{"level":"info","message":"Connecting to database_development","timestamp":"2016-12-14T11:11:12.594Z"}
{"level":"info","message":"Succeefully connected to database_development","timestamp":"2016-12-14T11:11:13.969Z"}
{"level":"info","message":"Registering routes","timestamp":"2016-12-14T11:11:14.121Z"}
{"level":"info","message":"Set application configuration","timestamp":"2016-12-14T11:11:14.774Z"}
{"level":"info","message":"Connecting to database_development","timestamp":"2016-12-14T11:12:31.983Z"}
{"level":"info","message":"Succeefully connected to database_development","timestamp":"2016-12-14T11:12:33.246Z"}
{"level":"info","message":"Registering routes","timestamp":"2016-12-14T11:12:33.398Z"}
{"level":"info","message":"Set application configuration","timestamp":"2016-12-14T11:12:34.005Z"}
{"level":"info","message":"Connecting to database_development","timestamp":"2016-12-14T11:12:49.248Z"}
{"level":"info","message":"Succeefully connected to database_development","timestamp":"2016-12-14T11:12:50.653Z"}
{"level":"info","message":"Registering routes","timestamp":"2016-12-14T11:12:50.829Z"}
{"level":"info","message":"Set application configuration","timestamp":"2016-12-14T11:12:51.456Z"}
{"level":"info","message":"Connecting to database_development","timestamp":"2016-12-14T11:13:20.585Z"}
{"level":"info","message":"Succeefully connected to database_development","timestamp":"2016-12-14T11:13:21.813Z"}
{"level":"info","message":"Registering routes","timestamp":"2016-12-14T11:13:21.896Z"}
{"level":"info","message":"Set application configuration","timestamp":"2016-12-14T11:13:22.205Z"}
{"level":"info","message":"Connecting to database_development","timestamp":"2016-12-14T11:22:39.719Z"}
{"level":"info","message":"Connecting to database_development","timestamp":"2016-12-14T11:22:42.192Z"}
{"level":"info","message":"Succeefully connected to database_development","timestamp":"2016-12-14T11:22:43.426Z"}
{"level":"info","message":"Registering routes","timestamp":"2016-12-14T11:22:43.573Z"}
{"level":"info","message":"Set application configuration","timestamp":"2016-12-14T11:22:44.206Z"}
{"level":"info","message":"Connecting to database_development","timestamp":"2016-12-14T11:22:53.546Z"}
{"level":"info","message":"Succeefully connected to database_development","timestamp":"2016-12-14T11:22:54.814Z"}
{"level":"info","message":"Registering routes","timestamp":"2016-12-14T11:22:54.993Z"}
{"level":"info","message":"Set application configuration","timestamp":"2016-12-14T11:22:55.605Z"}
{"level":"info","message":"Connecting to database_development","timestamp":"2016-12-14T11:45:13.809Z"}
{"level":"info","message":"Succeefully connected to database_development","timestamp":"2016-12-14T11:45:15.153Z"}
{"level":"info","message":"Registering routes","timestamp":"2016-12-14T11:45:15.296Z"}
{"level":"info","message":"Set application configuration","timestamp":"2016-12-14T11:45:15.904Z"}
{"level":"info","message":"Connecting to database_development","timestamp":"2016-12-14T11:47:57.680Z"}
{"level":"info","message":"Succeefully connected to database_development","timestamp":"2016-12-14T11:47:59.034Z"}
{"level":"info","message":"Registering routes","timestamp":"2016-12-14T11:47:59.101Z"}
{"level":"info","message":"Set application configuration","timestamp":"2016-12-14T11:47:59.354Z"}
{"level":"info","message":"Connecting to database_development","timestamp":"2016-12-14T11:48:33.338Z"}
{"level":"info","message":"Succeefully connected to database_development","timestamp":"2016-12-14T11:48:34.571Z"}
{"level":"info","message":"Registering routes","timestamp":"2016-12-14T11:48:34.670Z"}
{"level":"info","message":"Set application configuration","timestamp":"2016-12-14T11:48:35.088Z"}
{"level":"info","message":"Connecting to database_development","timestamp":"2016-12-14T11:50:36.472Z"}
{"level":"info","message":"Succeefully connected to database_development","timestamp":"2016-12-14T11:50:37.819Z"}
{"level":"info","message":"Registering routes","timestamp":"2016-12-14T11:50:37.951Z"}
{"level":"info","message":"Set application configuration","timestamp":"2016-12-14T11:50:38.398Z"}
{"level":"info","message":"Connecting to database_development","timestamp":"2016-12-14T11:51:00.397Z"}
{"level":"info","message":"Succeefully connected to database_development","timestamp":"2016-12-14T11:51:01.552Z"}
{"level":"info","message":"Registering routes","timestamp":"2016-12-14T11:51:01.647Z"}
{"level":"info","message":"Set application configuration","timestamp":"2016-12-14T11:51:01.935Z"}
{"level":"info","message":"Connecting to database_development","timestamp":"2016-12-14T11:55:19.513Z"}
{"level":"info","message":"Succeefully connected to database_development","timestamp":"2016-12-14T11:55:20.872Z"}
{"level":"info","message":"Registering routes","timestamp":"2016-12-14T11:55:20.946Z"}
{"level":"info","message":"Set application configuration","timestamp":"2016-12-14T11:55:21.238Z"}
{"level":"info","message":"Connecting to database_development","timestamp":"2016-12-14T11:56:32.080Z"}
{"level":"info","message":"Succeefully connected to database_development","timestamp":"2016-12-14T11:56:33.280Z"}
{"level":"info","message":"Registering routes","timestamp":"2016-12-14T11:56:33.353Z"}
{"level":"info","message":"Set application configuration","timestamp":"2016-12-14T11:56:33.588Z"}
{"level":"info","message":"Connecting to database_development","timestamp":"2016-12-14T11:57:13.506Z"}
{"level":"info","message":"Succeefully connected to database_development","timestamp":"2016-12-14T11:57:14.855Z"}
{"level":"info","message":"Registering routes","timestamp":"2016-12-14T11:57:15.066Z"}
{"level":"info","message":"Set application configuration","timestamp":"2016-12-14T11:57:15.671Z"}
{"level":"info","message":"Connecting to database_development","timestamp":"2016-12-14T11:57:32.351Z"}
{"level":"info","message":"Succeefully connected to database_development","timestamp":"2016-12-14T11:57:33.622Z"}
{"level":"info","message":"Registering routes","timestamp":"2016-12-14T11:57:33.789Z"}
{"level":"info","message":"Set application configuration","timestamp":"2016-12-14T11:57:34.391Z"}
{"level":"info","message":"Connecting to database_development","timestamp":"2016-12-14T12:03:02.739Z"}
{"level":"info","message":"Succeefully connected to database_development","timestamp":"2016-12-14T12:03:04.107Z"}
{"level":"info","message":"Registering routes","timestamp":"2016-12-14T12:03:04.211Z"}
{"level":"info","message":"Set application configuration","timestamp":"2016-12-14T12:03:04.693Z"}
{"level":"info","message":"Connecting to database_development","timestamp":"2016-12-14T12:11:47.252Z"}
{"level":"info","message":"Succeefully connected to database_development","timestamp":"2016-12-14T12:11:48.633Z"}
{"level":"info","message":"Registering routes","timestamp":"2016-12-14T12:11:48.738Z"}
{"level":"info","message":"Set application configuration","timestamp":"2016-12-14T12:11:49.088Z"}
{"level":"info","message":"Connecting to database_development","timestamp":"2016-12-14T12:20:17.007Z"}
{"level":"info","message":"Succeefully connected to database_development","timestamp":"2016-12-14T12:20:18.385Z"}
{"level":"info","message":"Registering routes","timestamp":"2016-12-14T12:20:18.535Z"}
{"level":"info","message":"Set application configuration","timestamp":"2016-12-14T12:20:19.139Z"}
{"level":"info","message":"Connecting to database_development","timestamp":"2016-12-14T12:21:11.752Z"}
{"level":"info","message":"Succeefully connected to database_development","timestamp":"2016-12-14T12:21:12.996Z"}
{"level":"info","message":"Registering routes","timestamp":"2016-12-14T12:21:13.161Z"}
{"level":"info","message":"Set application configuration","timestamp":"2016-12-14T12:21:13.765Z"}
{"level":"info","message":"Connecting to database_development","timestamp":"2016-12-14T12:22:54.268Z"}
{"level":"info","message":"Succeefully connected to database_development","timestamp":"2016-12-14T12:22:55.656Z"}
{"level":"info","message":"Registering routes","timestamp":"2016-12-14T12:22:55.824Z"}
{"level":"info","message":"Set application configuration","timestamp":"2016-12-14T12:22:56.424Z"}
{"level":"info","message":"Connecting to database_development","timestamp":"2016-12-14T12:34:09.462Z"}
{"level":"info","message":"Succeefully connected to database_development","timestamp":"2016-12-14T12:34:10.832Z"}
{"level":"info","message":"Registering routes","timestamp":"2016-12-14T12:34:10.942Z"}
{"level":"info","message":"Set application configuration","timestamp":"2016-12-14T12:34:11.385Z"}
{"level":"info","message":"Connecting to database_development","timestamp":"2016-12-14T12:34:22.476Z"}
{"level":"info","message":"Connecting to database_development","timestamp":"2016-12-14T12:34:23.552Z"}
{"level":"info","message":"Succeefully connected to database_development","timestamp":"2016-12-14T12:34:24.815Z"}
{"level":"info","message":"Registering routes","timestamp":"2016-12-14T12:34:24.878Z"}
{"level":"info","message":"Set application configuration","timestamp":"2016-12-14T12:34:25.121Z"}
{"level":"info","message":"Connecting to database_development","timestamp":"2016-12-14T12:37:38.206Z"}
{"level":"info","message":"Succeefully connected to database_development","timestamp":"2016-12-14T12:37:39.526Z"}
{"level":"info","message":"Registering routes","timestamp":"2016-12-14T12:37:39.608Z"}
{"level":"info","message":"Set application configuration","timestamp":"2016-12-14T12:37:39.841Z"}
{"level":"info","message":"Connecting to database_development","timestamp":"2016-12-14T12:52:38.401Z"}
{"level":"info","message":"Succeefully connected to database_development","timestamp":"2016-12-14T12:52:39.786Z"}
{"level":"info","message":"Registering routes","timestamp":"2016-12-14T12:52:39.932Z"}
{"level":"info","message":"Set application configuration","timestamp":"2016-12-14T12:52:40.665Z"}
{"level":"info","message":"Connecting to database_development","timestamp":"2016-12-14T12:54:54.799Z"}
{"level":"info","message":"Succeefully connected to database_development","timestamp":"2016-12-14T12:54:56.169Z"}
{"level":"info","message":"Registering routes","timestamp":"2016-12-14T12:54:56.305Z"}
{"level":"info","message":"Set application configuration","timestamp":"2016-12-14T12:54:56.942Z"}
{"level":"info","message":"Connecting to database_development","timestamp":"2016-12-14T12:56:00.480Z"}
{"level":"info","message":"Connecting to database_development","timestamp":"2016-12-14T15:47:11.006Z"}
{"level":"info","message":"Succeefully connected to database_development","timestamp":"2016-12-14T15:47:12.398Z"}
{"level":"info","message":"Registering routes","timestamp":"2016-12-14T15:47:12.549Z"}
{"level":"info","message":"Set application configuration","timestamp":"2016-12-14T15:47:13.184Z"}
{"level":"info","message":"Connecting to database_development","timestamp":"2016-12-14T15:53:40.763Z"}
{"level":"info","message":"Succeefully connected to database_development","timestamp":"2016-12-14T15:53:42.108Z"}
{"level":"info","message":"Registering routes","timestamp":"2016-12-14T15:53:42.225Z"}
{"level":"info","message":"Set application configuration","timestamp":"2016-12-14T15:53:42.548Z"}
{"level":"info","message":"Connecting to database_development","timestamp":"2016-12-14T15:54:14.853Z"}
{"level":"info","message":"Succeefully connected to database_development","timestamp":"2016-12-14T15:54:16.004Z"}
